HiFleet/proguard-rules.pro
# Add project specific ProGuard rules here.
# By default, the flags in this file are appended to flags specified
# in D:\win10Studiosdk/tools/proguard/proguard-android.txt
# You can edit the include path and order by changing the proguardFiles
# directive in build.gradle.
#
# For more details, see
#   http://developer.android.com/guide/developing/tools/proguard.html

# Add any project specific keep options here:

# If your project uses WebView with JS, uncomment the following
# and specify the fully qualified class name to the JavaScript interface
# class:
#-keepclassmembers class fqcn.of.javascript.interface.for.webview {
#   public *;
#}
-dontoptimize -dontpreverify
-dontwarn cn.jpush.** -keep class cn.jpush.** { *; }


-keep class com.tencent.mm.sdk.** {
*;
}
-keep class com.baidu.mobstat.** { *; }
-keep class com.baidu.bottom.** { *; }
-keep class com.baidu.kirin.** { *; }
-keep class com.baidu.mobstat.** { *; }
-keepclasseswithmembers class *{
    public *;
}

-dontusemixedcaseclassnames
-dontskipnonpubliclibraryclasses
-verbose
-ignorewarnings
-keep class com.actionbarsherlock.** { *; }
-keep interface com.actionbarsherlock.** { *; }