HiFleet/proguard/seeds.txt
com.hifleet.plus.BuildConfig
com.hifleet.plus.BuildConfig: boolean DEBUG
com.hifleet.plus.BuildConfig: BuildConfig()
com.hifleet.plus.R$anim
com.hifleet.plus.R$anim: int actionsheet_dialog_in
com.hifleet.plus.R$anim: int actionsheet_dialog_out
com.hifleet.plus.R$anim: int cycle
com.hifleet.plus.R$anim: int grow_from_bottom
com.hifleet.plus.R$anim: int grow_from_bottomleft_to_topright
com.hifleet.plus.R$anim: int grow_from_bottomright_to_topleft
com.hifleet.plus.R$anim: int grow_from_top
com.hifleet.plus.R$anim: int grow_from_topleft_to_bottomright
com.hifleet.plus.R$anim: int grow_from_topright_to_bottomleft
com.hifleet.plus.R$anim: int loading_anim
com.hifleet.plus.R$anim: int myanim
com.hifleet.plus.R$anim: int push_bottom_in
com.hifleet.plus.R$anim: int push_bottom_out
com.hifleet.plus.R$anim: int rail
com.hifleet.plus.R$anim: int shrink_from_bottom
com.hifleet.plus.R$anim: int shrink_from_bottomleft_to_topright
com.hifleet.plus.R$anim: int shrink_from_bottomright_to_topleft
com.hifleet.plus.R$anim: int shrink_from_top
com.hifleet.plus.R$anim: int shrink_from_topleft_to_bottomright
com.hifleet.plus.R$anim: int shrink_from_topright_to_bottomleft
com.hifleet.plus.R$anim: R$anim()
com.hifleet.plus.R$attr
com.hifleet.plus.R$attr: int actionBarDivider
com.hifleet.plus.R$attr: int actionBarItemBackground
com.hifleet.plus.R$attr: int actionBarSize
com.hifleet.plus.R$attr: int actionBarSplitStyle
com.hifleet.plus.R$attr: int actionBarStyle
com.hifleet.plus.R$attr: int actionBarTabBarStyle
com.hifleet.plus.R$attr: int actionBarTabStyle
com.hifleet.plus.R$attr: int actionBarTabTextStyle
com.hifleet.plus.R$attr: int actionBarWidgetTheme
com.hifleet.plus.R$attr: int actionButtonStyle
com.hifleet.plus.R$attr: int actionDropDownStyle
com.hifleet.plus.R$attr: int actionMenuTextAppearance
com.hifleet.plus.R$attr: int actionMenuTextColor
com.hifleet.plus.R$attr: int actionModeBackground
com.hifleet.plus.R$attr: int actionModeCloseButtonStyle
com.hifleet.plus.R$attr: int actionModeCloseDrawable
com.hifleet.plus.R$attr: int actionModePopupWindowStyle
com.hifleet.plus.R$attr: int actionModeShareDrawable
com.hifleet.plus.R$attr: int actionModeSplitBackground
com.hifleet.plus.R$attr: int actionModeStyle
com.hifleet.plus.R$attr: int actionOverflowButtonStyle
com.hifleet.plus.R$attr: int actionSpinnerItemStyle
com.hifleet.plus.R$attr: int activatedBackgroundIndicator
com.hifleet.plus.R$attr: int activityChooserViewStyle
com.hifleet.plus.R$attr: int background
com.hifleet.plus.R$attr: int backgroundSplit
com.hifleet.plus.R$attr: int backgroundStacked
com.hifleet.plus.R$attr: int bg
com.hifleet.plus.R$attr: int bmHeight
com.hifleet.plus.R$attr: int bmWidth
com.hifleet.plus.R$bool
com.hifleet.plus.R$bool: int abs__action_bar_embed_tabs
com.hifleet.plus.R$bool: int abs__action_bar_expanded_action_views_exclusive
com.hifleet.plus.R$bool: int abs__config_actionMenuItemAllCaps
com.hifleet.plus.R$bool: int abs__config_allowActionMenuItemTextWithIcon
com.hifleet.plus.R$bool: int abs__config_showMenuShortcutsWhenKeyboardPresent
com.hifleet.plus.R$bool: int abs__split_action_bar_is_narrow
com.hifleet.plus.R$bool: R$bool()
...
gnu.trove.impl.hash.TPrimitiveHash
gnu.trove.impl.hash.TPrimitiveHash: byte[] _states
gnu.trove.impl.hash.TPrimitiveHash: byte FREE
gnu.trove.impl.hash.TPrimitiveHash: byte FULL
gnu.trove.impl.hash.TPrimitiveHash: byte REMOVED
gnu.trove.impl.hash.TPrimitiveHash: TPrimitiveHash()
gnu.trove.impl.hash.TPrimitiveHash: TPrimitiveHash(int)
gnu.trove.impl.hash.TPrimitiveHash: TPrimitiveHash(int,float)
gnu.trove.impl.hash.TPrimitiveHash: int capacity()
okio.ByteString
okio.ByteString: okio.ByteString EMPTY
okio.ByteString: okio.ByteString of(byte[])
okio.ByteString: okio.ByteString of(byte[],int,int)
okio.ByteString: okio.ByteString encodeUtf8(java.lang.String)
okio.ByteString: java.lang.String utf8()
okio.ByteString: java.lang.String base64()
okio.ByteString: okio.ByteString decodeBase64(java.lang.String)
okio.ByteString: java.lang.String hex()
okio.ByteString: okio.ByteString decodeHex(java.lang.String)
okio.ByteString: okio.ByteString read(java.io.InputStream,int)
okio.ByteString: okio.ByteString toAsciiLowercase()
okio.ByteString: okio.ByteString toAsciiUppercase()
okio.ByteString: byte getByte(int)
okio.ByteString: int size()
okio.ByteString: byte[] toByteArray()
okio.ByteString: void write(java.io.OutputStream)
okio.ByteString: boolean equals(java.lang.Object)
okio.ByteString: int hashCode()
okio.ByteString: java.lang.String toString()
okio.RealBufferedSink
okio.RealBufferedSink: okio.Buffer buffer
okio.RealBufferedSink: okio.Sink sink
okio.RealBufferedSink: RealBufferedSink(okio.Sink,okio.Buffer)
okio.RealBufferedSink: RealBufferedSink(okio.Sink)
okio.RealBufferedSink: okio.Buffer buffer()
okio.RealBufferedSink: void write(okio.Buffer,long)
okio.RealBufferedSink: okio.BufferedSink write(okio.ByteString)
okio.RealBufferedSink: okio.BufferedSink writeUtf8(java.lang.String)
okio.RealBufferedSink: okio.BufferedSink writeString(java.lang.String,java.nio.charset.Charset)
okio.RealBufferedSink: okio.BufferedSink write(byte[])
okio.RealBufferedSink: okio.BufferedSink write(byte[],int,int)
okio.RealBufferedSink: long writeAll(okio.Source)
okio.RealBufferedSink: okio.BufferedSink write(okio.Source,long)
okio.RealBufferedSink: okio.BufferedSink writeByte(int)
okio.RealBufferedSink: okio.BufferedSink writeShort(int)
okio.RealBufferedSink: okio.BufferedSink writeShortLe(int)
okio.RealBufferedSink: okio.BufferedSink writeInt(int)
okio.RealBufferedSink: okio.BufferedSink writeIntLe(int)
okio.RealBufferedSink: okio.BufferedSink writeLong(long)
okio.RealBufferedSink: okio.BufferedSink writeLongLe(long)
okio.RealBufferedSink: okio.BufferedSink emitCompleteSegments()
okio.RealBufferedSink: okio.BufferedSink emit()
okio.RealBufferedSink: java.io.OutputStream outputStream()
okio.RealBufferedSink: void flush()
okio.RealBufferedSink: void close()
okio.RealBufferedSink: okio.Timeout timeout()