HiFleet/proguard/mapping.txt
com.hifleet.plus.BuildConfig -> com.hifleet.plus.BuildConfig:
    boolean DEBUG -> DEBUG
com.hifleet.plus.R -> com.hifleet.plus.R:
com.hifleet.plus.R$anim -> com.hifleet.plus.R$anim:
    int actionsheet_dialog_in -> actionsheet_dialog_in
    int actionsheet_dialog_out -> actionsheet_dialog_out
    int cycle -> cycle
    int grow_from_bottom -> grow_from_bottom
    int grow_from_bottomleft_to_topright -> grow_from_bottomleft_to_topright
    int grow_from_bottomright_to_topleft -> grow_from_bottomright_to_topleft
    int grow_from_top -> grow_from_top
    int grow_from_topleft_to_bottomright -> grow_from_topleft_to_bottomright
    int grow_from_topright_to_bottomleft -> grow_from_topright_to_bottomleft
    int loading_anim -> loading_anim
    int myanim -> myanim
    int push_bottom_in -> push_bottom_in
    int push_bottom_out -> push_bottom_out
    int rail -> rail
    int shrink_from_bottom -> shrink_from_bottom
    int shrink_from_bottomleft_to_topright -> shrink_from_bottomleft_to_topright
    int shrink_from_bottomright_to_topleft -> shrink_from_bottomright_to_topleft
    int shrink_from_top -> shrink_from_top
    int shrink_from_topleft_to_bottomright -> shrink_from_topleft_to_bottomright
    int shrink_from_topright_to_bottomleft -> shrink_from_topright_to_bottomleft
com.hifleet.plus.R$attr -> com.hifleet.plus.R$attr:
    int actionBarDivider -> actionBarDivider
    int actionBarItemBackground -> actionBarItemBackground
    int actionBarSize -> actionBarSize
    int actionBarSplitStyle -> actionBarSplitStyle
    int actionBarStyle -> actionBarStyle
    int actionBarTabBarStyle -> actionBarTabBarStyle
    int actionBarTabStyle -> actionBarTabStyle
    int actionBarTabTextStyle -> actionBarTabTextStyle
    int actionBarWidgetTheme -> actionBarWidgetTheme
    int actionButtonStyle -> actionButtonStyle
    int actionDropDownStyle -> actionDropDownStyle
    int actionMenuTextAppearance -> actionMenuTextAppearance
    int actionMenuTextColor -> actionMenuTextColor
    int actionModeBackground -> actionModeBackground
    int actionModeCloseButtonStyle -> actionModeCloseButtonStyle
    int actionModeCloseDrawable -> actionModeCloseDrawable
    int actionModePopupWindowStyle -> actionModePopupWindowStyle
    int actionModeShareDrawable -> actionModeShareDrawable
    int actionModeSplitBackground -> actionModeSplitBackground
    int actionModeStyle -> actionModeStyle
    int actionOverflowButtonStyle -> actionOverflowButtonStyle
    int actionSpinnerItemStyle -> actionSpinnerItemStyle
    int activatedBackgroundIndicator -> activatedBackgroundIndicator
    int activityChooserViewStyle -> activityChooserViewStyle
    int background -> background
    int backgroundSplit -> backgroundSplit
    int backgroundStacked -> backgroundStacked
com.hifleet.plus.R$bool -> com.hifleet.plus.R$bool:
    int abs__action_bar_embed_tabs -> abs__action_bar_embed_tabs
    int abs__action_bar_expanded_action_views_exclusive -> abs__action_bar_expanded_action_views_exclusive
    int abs__config_actionMenuItemAllCaps -> abs__config_actionMenuItemAllCaps
    int abs__config_allowActionMenuItemTextWithIcon -> abs__config_allowActionMenuItemTextWithIcon
    int abs__config_showMenuShortcutsWhenKeyboardPresent -> abs__config_showMenuShortcutsWhenKeyboardPresent
    int abs__split_action_bar_is_narrow -> abs__split_action_bar_is_narrow
...
com.ibm.icu.text.TransliteratorParser$RuleBody -> com.ibm.icu.text.ih:
    java.lang.String nextLine() -> c
    void reset() -> b
    java.lang.String handleNextLine() -> a
com.ibm.icu.text.TransliteratorParser$RuleHalf -> com.ibm.icu.text.TransliteratorParser$RuleHalf:
    java.lang.String text -> text
    int cursor -> cursor
    int ante -> ante
    int post -> post
    int cursorOffset -> cursorOffset
    int cursorOffsetPos -> a
    boolean anchorStart -> anchorStart
    boolean anchorEnd -> anchorEnd
    int nextSegmentNumber -> b
    int parse(java.lang.String,int,int,com.ibm.icu.text.TransliteratorParser) -> parse
    int parseSection(java.lang.String,int,int,com.ibm.icu.text.TransliteratorParser,java.lang.StringBuffer,com.ibm.icu.text.UnicodeSet,boolean) -> a
    void removeContext() -> a
    boolean isValidOutput(com.ibm.icu.text.TransliteratorParser) -> isValidOutput
    boolean isValidInput(com.ibm.icu.text.TransliteratorParser) -> isValidInput
com.ibm.icu.text.TransliteratorRegistry -> com.ibm.icu.text.TransliteratorRegistry:
    java.util.Map registry -> a
    java.util.Map specDAG -> b
    java.util.List availableIDs -> c
    com.ibm.icu.text.Transliterator get(java.lang.String,java.lang.StringBuffer) -> a
    void put(java.lang.String,java.lang.Class,boolean) -> a
    void put(java.lang.String,com.ibm.icu.text.Transliterator$Factory,boolean) -> a
    void put(java.lang.String,java.lang.String,java.lang.String,int,boolean) -> a
    void put(java.lang.String,java.lang.String,boolean) -> a
    void put(java.lang.String,com.ibm.icu.text.Transliterator,boolean) -> a
    void remove(java.lang.String) -> a
    java.util.Enumeration getAvailableIDs() -> a
    java.util.Enumeration getAvailableSources() -> b
    java.util.Enumeration getAvailableTargets(java.lang.String) -> b
    java.util.Enumeration getAvailableVariants(java.lang.String,java.lang.String) -> a
    void registerEntry(java.lang.String,java.lang.String,java.lang.String,java.lang.Object,boolean) -> a
    void registerEntry(java.lang.String,java.lang.Object,boolean) -> a
    void registerEntry(java.lang.String,java.lang.String,java.lang.String,java.lang.String,java.lang.Object,boolean) -> a
    void registerSTV(java.lang.String,java.lang.String,java.lang.String) -> a
    void removeSTV(java.lang.String,java.lang.String,java.lang.String) -> b
com.ibm.icu.text.TransliteratorRegistry$AliasEntry -> com.ibm.icu.text.TransliteratorRegistry$AliasEntry:
    java.lang.String alias -> alias
com.ibm.icu.text.TransliteratorRegistry$CompoundRBTEntry -> com.ibm.icu.text.ii:
    java.lang.String ID -> a
    java.util.List idBlockVector -> b
    java.util.List dataVector -> c
    com.ibm.icu.text.UnicodeSet compoundFilter -> d
    com.ibm.icu.text.Transliterator getInstance() -> a
com.ibm.icu.text.TransliteratorRegistry$IDEnumeration -> com.ibm.icu.text.ij:
    java.util.Enumeration en -> a
    boolean hasMoreElements() -> hasMoreElements
    java.lang.String nextElement() -> a
    java.lang.Object nextElement() -> nextElement
com.ibm.icu.text.TransliteratorRegistry$LocaleEntry -> com.ibm.icu.text.TransliteratorRegistry$LocaleEntry:
    java.lang.String rule -> rule
    int direction -> direction
com.ibm.icu.text.TransliteratorRegistry$ResourceEntry -> com.ibm.icu.text.TransliteratorRegistry$ResourceEntry:
    java.lang.String resource -> resource
    java.lang.String encoding -> encoding
    int direction -> direction
com.ibm.icu.text.TransliteratorRegistry$Spec -> com.ibm.icu.text.ik:
    java.lang.String top -> a
    java.lang.String spec -> b
    java.lang.String nextSpec -> c
    java.lang.String scriptName -> d
    boolean isSpecLocale -> e
    boolean isNextLocale -> f
    com.ibm.icu.impl.ICUResourceBundle res -> g
    boolean hasFallback() -> a
    void reset() -> b
    void setupNext() -> h
    java.lang.String next() -> c
    java.lang.String get() -> d
    boolean isLocale() -> e
    java.util.ResourceBundle getBundle() -> f
    java.lang.String getTop() -> g