HiFleet/proguard/usage.txt
com.hifleet.plus.R:
    10:10:public R()
com.hifleet.plus.wxapi.WXEntryActivity:
    private com.sina.weibo.sdk.auth.Oauth2AccessToken mAccessToken
    232:234:private com.sina.weibo.sdk.api.TextObject getTextObj()
    239:292:private void sendMultiMessage(boolean)
    64:64:static synthetic void access$0(com.hifleet.plus.wxapi.WXEntryActivity,com.sina.weibo.sdk.auth.Oauth2AccessToken)
    64:64:static synthetic com.sina.weibo.sdk.auth.Oauth2AccessToken access$1(com.hifleet.plus.wxapi.WXEntryActivity)
com.hifleet.plus.wxapi.WXEntryActivity$1
com.hifleet.plus.wxapi.WXEntryActivity$AuthListener
com.hifleet.plus.wxapi.WXEntryActivity$Constants
...
alice.tuprolog.Server_Socket
alice.tuprolog.SolveInfo:
    static final int HALT
    static final int FALSE
    static final int TRUE
    static final int TRUE_CP
    public boolean isSuccess()
    public boolean isHalted()
    public alice.tuprolog.Term getQuery()
    public alice.tuprolog.Term getSolution()
    public java.util.List getBindingVars()
    public alice.tuprolog.Term getTerm(java.lang.String)
    public alice.tuprolog.Term getVarValue(java.lang.String)
alice.tuprolog.Struct:
    private static final long serialVersionUID
    public Struct(java.lang.String,alice.tuprolog.Term,alice.tuprolog.Term,alice.tuprolog.Term,alice.tuprolog.Term)
    public Struct(java.lang.String,alice.tuprolog.Term,alice.tuprolog.Term,alice.tuprolog.Term,alice.tuprolog.Term,alice.tuprolog.Term)
    public Struct(java.lang.String,alice.tuprolog.Term,alice.tuprolog.Term,alice.tuprolog.Term,alice.tuprolog.Term,alice.tuprolog.Term,alice.tuprolog.Term)
    public Struct(java.lang.String,alice.tuprolog.Term,alice.tuprolog.Term,alice.tuprolog.Term,alice.tuprolog.Term,alice.tuprolog.Term,alice.tuprolog.Term,alice.tuprolog.Term)
    public Struct(alice.tuprolog.Term[])
    private Struct(alice.tuprolog.Term[],int)
    java.lang.String getHashKey()
    void setArg(int,alice.tuprolog.Term)
    public boolean isClause()
    public alice.tuprolog.Struct getArg(java.lang.String)
    public alice.tuprolog.Term listHead()
    public alice.tuprolog.Struct listTail()
    public int listSize()
    alice.tuprolog.Struct toList()
    alice.tuprolog.Struct fromList()
    void insert(alice.tuprolog.Term)
    private java.lang.String toStringAsList(alice.tuprolog.OperatorManager)
    java.lang.String toStringAsArg(alice.tuprolog.OperatorManager,int,boolean)
alice.tuprolog.SubGoalElement:
    public boolean isRoot()
alice.tuprolog.SubGoalStore:
    public alice.tuprolog.SubGoalTree getSubGoals()
    public int getIndexNextSubGoal()
    public boolean getFetched()
alice.tuprolog.SubGoalTree:
    public boolean isRoot()
    public boolean removeChild(int)
alice.tuprolog.Term:
    private static final long serialVersionUID
    java.lang.String toStringAsArgX(alice.tuprolog.OperatorManager,int)
    java.lang.String toStringAsArgY(alice.tuprolog.OperatorManager,int)
    java.lang.String toStringAsArg(alice.tuprolog.OperatorManager,int,boolean)
alice.tuprolog.TermQueue:
    public TermQueue()
    public synchronized void clear()
alice.tuprolog.Theory
alice.tuprolog.TheoryManager:
    private alice.tuprolog.Prolog engine
    private alice.tuprolog.PrimitiveManager primitiveManager
    private java.util.Stack startGoalStack
    alice.tuprolog.Theory lastConsultedTheory
    public TheoryManager()
    public void initialize(alice.tuprolog.Prolog)
    public synchronized void assertA(alice.tuprolog.Struct,boolean,java.lang.String,boolean)
    public synchronized void assertZ(alice.tuprolog.Struct,boolean,java.lang.String,boolean)
    public synchronized alice.tuprolog.ClauseInfo retract(alice.tuprolog.Struct)
    public synchronized boolean abolish(alice.tuprolog.Struct)
    public synchronized void consult(alice.tuprolog.Theory,boolean,java.lang.String)
    public void rebindPrimitives()
    public synchronized void clear()
    public synchronized void removeLibraryTheory(java.lang.String)
    private boolean runDirective(alice.tuprolog.Struct)
    private alice.tuprolog.Struct toClause(alice.tuprolog.Struct)
    public synchronized void solveTheoryGoal()
    public synchronized void addStartGoal(alice.tuprolog.Struct)
    synchronized boolean save(java.io.OutputStream,boolean)
    public synchronized java.lang.String getTheory(boolean)
    public synchronized alice.tuprolog.Theory getLastConsultedTheory()
alice.tuprolog.Token:
    public java.lang.String getValue()